<?xml version="1.0" encoding="UTF-8"?>
<!-- Generated by org.testng.reporters.JUnitReportReporter -->
<testsuite hostname="LAPTOP-V6M2FGND" failures="0" tests="2" name="TestLayer.BonusTaskOneTest" time="1.194" errors="0" timestamp="2023-11-24T00:03:48 IST" skipped="0">
  <testcase classname="TestLayer.BonusTaskOneTest" name="validateSearchBar" time="0.537"/>
  <testcase classname="TestLayer.BonusTaskOneTest" name="validateCheckCity" time="0.657"/>
</testsuite> <!-- TestLayer.BonusTaskOneTest -->
